# JRE version: Java(TM) SE Runtime Environment 18.9 (11.0.8+10) (build 11.0.8+10-LTS)
# Java VM: Java HotSpot(TM) 64-Bit Server VM 18.9 (11.0.8+10-LTS, mixed mode, tiered, compressed oops, g1 gc, windows-amd64)
Heap:
 garbage-first heap   total 391168K, used 41770K [0x0000000682600000, 0x0000000800000000)
  region size 1024K, 17 young (17408K), 7 survivors (7168K)
 Metaspace       used 29312K, capacity 30278K, committed 30460K, reserved 1075200K
  class space    used 3623K, capacity 4053K, committed 4092K, reserved 1048576K
GC Heap History (6 events):
Event: 1.085 GC heap before
{Heap before GC invocations=0 (full 0):
 garbage-first heap   total 391168K, used 23552K [0x0000000682600000, 0x0000000800000000)
  region size 1024K, 24 young (24576K), 0 survivors (0K)
 Metaspace       used 12422K, capacity 12795K, committed 12928K, reserved 1060864K
  class space    used 1252K, capacity 1377K, committed 1408K, reserved 1048576K
}
Event: 1.089 GC heap after
{Heap after GC invocations=1 (full 0):
 garbage-first heap   total 391168K, used 3620K [0x0000000682600000, 0x0000000800000000)
  region size 1024K, 3 young (3072K), 3 survivors (3072K)
 Metaspace       used 12422K, capacity 12795K, committed 12928K, reserved 1060864K
  class space    used 1252K, capacity 1377K, committed 1408K, reserved 1048576K
}
Event: 1.927 GC heap before
{Heap before GC invocations=1 (full 0):
 garbage-first heap   total 391168K, used 35364K [0x0000000682600000, 0x0000000800000000)
  region size 1024K, 33 young (33792K), 3 survivors (3072K)
 Metaspace       used 20618K, capacity 21236K, committed 21248K, reserved 1067008K
  class space    used 2541K, capacity 2804K, committed 2816K, reserved 1048576K
}
Event: 1.934 GC heap after
{Heap after GC invocations=2 (full 0):
 garbage-first heap   total 391168K, used 9792K [0x0000000682600000, 0x0000000800000000)
  region size 1024K, 8 young (8192K), 8 survivors (8192K)
 Metaspace       used 20618K, capacity 21236K, committed 21248K, reserved 1067008K
  class space    used 2541K, capacity 2804K, committed 2816K, reserved 1048576K
}
Event: 6.663 GC heap before
{Heap before GC invocations=3 (full 0):
 garbage-first heap   total 391168K, used 65088K [0x0000000682600000, 0x0000000800000000)
  region size 1024K, 49 young (50176K), 8 survivors (8192K)
 Metaspace       used 26546K, capacity 27483K, committed 27644K, reserved 1073152K
  class space    used 3401K, capacity 3787K, committed 3836K, reserved 1048576K
}
Event: 6.674 GC heap after
{Heap after GC invocations=4 (full 0):
 garbage-first heap   total 391168K, used 32554K [0x0000000682600000, 0x0000000800000000)
  region size 1024K, 7 young (7168K), 7 survivors (7168K)
 Metaspace       used 26546K, capacity 27483K, committed 27644K, reserved 1073152K
  class space    used 3401K, capacity 3787K, committed 3836K, reserved 1048576K
}

